<?xml version="1.0" encoding="UTF-8"?>
<!-- Generated by org.testng.reporters.JUnitReportReporter -->
<testsuite hostname="Rabiya-Javaid-Malik" failures="0" tests="2" name="Test.GoogleSearch_Test" time="12.944" errors="0" timestamp="2022-08-15T21:50:22 PKT" skipped="0">
  <testcase classname="Test.GoogleSearch_Test" name="DarkTheme" time="5.174"/>
  <system-out/>
  <testcase classname="Test.GoogleSearch_Test" name="GoogleSearch" time="7.770"/>
  <system-out/>
</testsuite> <!-- Test.GoogleSearch_Test -->
